[1mApache Maven 3.6.0[m
Maven home: /usr/share/maven
Java version: 11.0.12, vendor: Debian, runtime: /usr/lib/jvm/java-11-openjdk-amd64
Default locale: en_US, platform encoding: UTF-8
OS name: "linux", version: "4.19.0-14-amd64", arch: "amd64", family: "unix"
[[1;36mDEBUG[m] Created new class realm maven.api
[[1;36mDEBUG[m] Importing foreign packages into class realm maven.api
[[1;36mDEBUG[m]   Imported: javax.annotation.* < plexus.core
[[1;36mDEBUG[m]   Imported: javax.annotation.security.* < plexus.core
[[1;36mDEBUG[m]   Imported: javax.enterprise.inject.* < plexus.core
[[1;36mDEBUG[m]   Imported: javax.enterprise.util.* < plexus.core
[[1;36mDEBUG[m]   Imported: javax.inject.* < plexus.core
[[1;36mDEBUG[m]   Imported: org.apache.maven.* < plexus.core
[[1;36mDEBUG[m]   Imported: org.apache.maven.artifact < plexus.core
[[1;36mDEBUG[m]   Imported: org.apache.maven.classrealm < plexus.core
[[1;36mDEBUG[m]   Imported: org.apache.maven.cli < plexus.core
[[1;36mDEBUG[m]   Imported: org.apache.maven.configuration < plexus.core
[[1;36mDEBUG[m]   Imported: org.apache.maven.exception < plexus.core
[[1;36mDEBUG[m]   Imported: org.apache.maven.execution < plexus.core
[[1;36mDEBUG[m]   Imported: org.apache.maven.execution.scope < plexus.core
[[1;36mDEBUG[m]   Imported: org.apache.maven.lifecycle < plexus.core
[[1;36mDEBUG[m]   Imported: org.apache.maven.model < plexus.core
[[1;36mDEBUG[m]   Imported: org.apache.maven.monitor < plexus.core
[[1;36mDEBUG[m]   Imported: org.apache.maven.plugin < plexus.core
[[1;36mDEBUG[m]   Imported: org.apache.maven.profiles < plexus.core
[[1;36mDEBUG[m]   Imported: org.apache.maven.project < plexus.core
[[1;36mDEBUG[m]   Imported: org.apache.maven.reporting < plexus.core
[[1;36mDEBUG[m]   Imported: org.apache.maven.repository < plexus.core
[[1;36mDEBUG[m]   Imported: org.apache.maven.rtinfo < plexus.core
[[1;36mDEBUG[m]   Imported: org.apache.maven.settings < plexus.core
[[1;36mDEBUG[m]   Imported: org.apache.maven.toolchain < plexus.core
[[1;36mDEBUG[m]   Imported: org.apache.maven.usability < plexus.core
[[1;36mDEBUG[m]   Imported: org.apache.maven.wagon.* < plexus.core
[[1;36mDEBUG[m]   Imported: org.apache.maven.wagon.authentication < plexus.core
[[1;36mDEBUG[m]   Imported: org.apache.maven.wagon.authorization < plexus.core
[[1;36mDEBUG[m]   Imported: org.apache.maven.wagon.events < plexus.core
[[1;36mDEBUG[m]   Imported: org.apache.maven.wagon.observers < plexus.core
[[1;36mDEBUG[m]   Imported: org.apache.maven.wagon.proxy < plexus.core
[[1;36mDEBUG[m]   Imported: org.apache.maven.wagon.repository < plexus.core
[[1;36mDEBUG[m]   Imported: org.apache.maven.wagon.resource < plexus.core
[[1;36mDEBUG[m]   Imported: org.codehaus.classworlds < plexus.core
[[1;36mDEBUG[m]   Imported: org.codehaus.plexus.* < plexus.core
[[1;36mDEBUG[m]   Imported: org.codehaus.plexus.classworlds < plexus.core
[[1;36mDEBUG[m]   Imported: org.codehaus.plexus.component < plexus.core
[[1;36mDEBUG[m]   Imported: org.codehaus.plexus.configuration < plexus.core
[[1;36mDEBUG[m]   Imported: org.codehaus.plexus.container < plexus.core
[[1;36mDEBUG[m]   Imported: org.codehaus.plexus.context < plexus.core
[[1;36mDEBUG[m]   Imported: org.codehaus.plexus.lifecycle < plexus.core
[[1;36mDEBUG[m]   Imported: org.codehaus.plexus.logging < plexus.core
[[1;36mDEBUG[m]   Imported: org.codehaus.plexus.personality < plexus.core
[[1;36mDEBUG[m]   Imported: org.codehaus.plexus.util.xml.Xpp3Dom < plexus.core
[[1;36mDEBUG[m]   Imported: org.codehaus.plexus.util.xml.pull.XmlPullParser < plexus.core
[[1;36mDEBUG[m]   Imported: org.codehaus.plexus.util.xml.pull.XmlPullParserException < plexus.core
[[1;36mDEBUG[m]   Imported: org.codehaus.plexus.util.xml.pull.XmlSerializer < plexus.core
[[1;36mDEBUG[m]   Imported: org.eclipse.aether.* < plexus.core
[[1;36mDEBUG[m]   Imported: org.eclipse.aether.artifact < plexus.core
[[1;36mDEBUG[m]   Imported: org.eclipse.aether.collection < plexus.core
[[1;36mDEBUG[m]   Imported: org.eclipse.aether.deployment < plexus.core
[[1;36mDEBUG[m]   Imported: org.eclipse.aether.graph < plexus.core
[[1;36mDEBUG[m]   Imported: org.eclipse.aether.impl < plexus.core
[[1;36mDEBUG[m]   Imported: org.eclipse.aether.installation < plexus.core
[[1;36mDEBUG[m]   Imported: org.eclipse.aether.internal.impl < plexus.core
[[1;36mDEBUG[m]   Imported: org.eclipse.aether.metadata < plexus.core
[[1;36mDEBUG[m]   Imported: org.eclipse.aether.repository < plexus.core
[[1;36mDEBUG[m]   Imported: org.eclipse.aether.resolution < plexus.core
[[1;36mDEBUG[m]   Imported: org.eclipse.aether.spi < plexus.core
[[1;36mDEBUG[m]   Imported: org.eclipse.aether.transfer < plexus.core
[[1;36mDEBUG[m]   Imported: org.eclipse.aether.version < plexus.core
[[1;36mDEBUG[m]   Imported: org.fusesource.jansi.* < plexus.core
[[1;36mDEBUG[m]   Imported: org.slf4j.* < plexus.core
[[1;36mDEBUG[m]   Imported: org.slf4j.helpers.* < plexus.core
[[1;36mDEBUG[m]   Imported: org.slf4j.spi.* < plexus.core
[[1;36mDEBUG[m] Populating class realm maven.api
[[1;34mINFO[m] Error stacktraces are turned on.
[[1;36mDEBUG[m] Message scheme: color
[[1;36mDEBUG[m] Message styles: [1;36mdebug[m [1;34minfo[m [1;33mwarning[m [1;31merror[m [1;32msuccess[m [1;31mfailure[m [1mstrong[m [32mmojo[m [36mproject[m
[[1;36mDEBUG[m] Reading global settings from /usr/share/maven/conf/settings.xml
[[1;36mDEBUG[m] Reading user settings from /root/.m2/settings.xml
[[1;36mDEBUG[m] Reading global toolchains from /usr/share/maven/conf/toolchains.xml
[[1;36mDEBUG[m] Reading user toolchains from /root/.m2/toolchains.xml
[[1;36mDEBUG[m] Using local repository at /root/.m2/repository
[[1;36mDEBUG[m] Using manager EnhancedLocalRepositoryManager with priority 10.0 for /root/.m2/repository
[[1;34mINFO[m] Scanning for projects...
[[1;36mDEBUG[m] Extension realms for project org.springframework:gs-maven:jar:0.1.0: (none)
[[1;36mDEBUG[m] Looking up lifecycle mappings for packaging jar from ClassRealm[plexus.core, parent: null]
[[1;31mERROR[m] [ERROR] Some problems were encountered while processing the POMs:
[ERROR] Malformed POM /CENTRY/src/main/java/hello/pom.xml: Unrecognised tag: 'dependency' (position: START_TAG seen ...</version>\n\n   <dependency>... @10:16)  @ /CENTRY/src/main/java/hello/pom.xml, line 10, column 16
 @ 
[[1;31mERROR[m] The build could not read 1 project -> [1m[Help 1][m
[1;31morg.apache.maven.project.ProjectBuildingException[m: [1;31mSome problems were encountered while processing the POMs:
[ERROR] Malformed POM /CENTRY/src/main/java/hello/pom.xml: Unrecognised tag: 'dependency' (position: START_TAG seen ...</version>\n\n   <dependency>... @10:16)  @ /CENTRY/src/main/java/hello/pom.xml, line 10, column 16
[m
    [1mat[m org.apache.maven.project.DefaultProjectBuilder.build ([1mDefaultProjectBuilder.java:383[m)
    [1mat[m org.apache.maven.graph.DefaultGraphBuilder.collectProjects ([1mDefaultGraphBuilder.java:414[m)
    [1mat[m org.apache.maven.graph.DefaultGraphBuilder.getProjectsForMavenReactor ([1mDefaultGraphBuilder.java:405[m)
    [1mat[m org.apache.maven.graph.DefaultGraphBuilder.build ([1mDefaultGraphBuilder.java:82[m)
    [1mat[m org.apache.maven.DefaultMaven.buildGraph ([1mDefaultMaven.java:507[m)
    [1mat[m org.apache.maven.DefaultMaven.doExecute ([1mDefaultMaven.java:219[m)
    [1mat[m org.apache.maven.DefaultMaven.doExecute ([1mDefaultMaven.java:192[m)
    [1mat[m org.apache.maven.DefaultMaven.execute ([1mDefaultMaven.java:105[m)
    [1mat[m org.apache.maven.cli.MavenCli.execute ([1mMavenCli.java:956[m)
    [1mat[m org.apache.maven.cli.MavenCli.doMain ([1mMavenCli.java:288[m)
    [1mat[m org.apache.maven.cli.MavenCli.main ([1mMavenCli.java:192[m)
    [1mat[m jdk.internal.reflect.NativeMethodAccessorImpl.invoke0 ([1mNative Method[m)
    [1mat[m jdk.internal.reflect.NativeMethodAccessorImpl.invoke ([1mNativeMethodAccessorImpl.java:62[m)
    [1mat[m jdk.internal.reflect.DelegatingMethodAccessorImpl.invoke ([1mDelegatingMethodAccessorImpl.java:43[m)
    [1mat[m java.lang.reflect.Method.invoke ([1mMethod.java:566[m)
    [1mat[m org.codehaus.plexus.classworlds.launcher.Launcher.launchEnhanced ([1mLauncher.java:282[m)
    [1mat[m org.codehaus.plexus.classworlds.launcher.Launcher.launch ([1mLauncher.java:225[m)
    [1mat[m org.codehaus.plexus.classworlds.launcher.Launcher.mainWithExitCode ([1mLauncher.java:406[m)
    [1mat[m org.codehaus.plexus.classworlds.launcher.Launcher.main ([1mLauncher.java:347[m)
[[1;31mERROR[m]   
[[1;31mERROR[m]   The project org.springframework:gs-maven:0.1.0 (/CENTRY/src/main/java/hello/pom.xml) has 1 error
[[1;31mERROR[m]     Malformed POM /CENTRY/src/main/java/hello/pom.xml: Unrecognised tag: 'dependency' (position: START_TAG seen ...</version>\n\n   <dependency>... @10:16)  @ /CENTRY/src/main/java/hello/pom.xml, line 10, column 16 -> [1m[Help 2][m
[1;31morg.apache.maven.model.io.ModelParseException[m: [1;31mUnrecognised tag: 'dependency' (position: START_TAG seen ...</version>\n\n   <dependency>... @10:16) [m
    [1mat[m org.apache.maven.model.io.DefaultModelReader.read ([1mDefaultModelReader.java:114[m)
    [1mat[m org.apache.maven.model.io.DefaultModelReader.read ([1mDefaultModelReader.java:82[m)
    [1mat[m org.apache.maven.model.building.DefaultModelProcessor.read ([1mDefaultModelProcessor.java:84[m)
    [1mat[m org.apache.maven.model.building.DefaultModelBuilder.readModel ([1mDefaultModelBuilder.java:544[m)
    [1mat[m org.apache.maven.model.building.DefaultModelBuilder.build ([1mDefaultModelBuilder.java:276[m)
    [1mat[m org.apache.maven.project.DefaultProjectBuilder.build ([1mDefaultProjectBuilder.java:432[m)
    [1mat[m org.apache.maven.project.DefaultProjectBuilder.build ([1mDefaultProjectBuilder.java:400[m)
    [1mat[m org.apache.maven.project.DefaultProjectBuilder.build ([1mDefaultProjectBuilder.java:363[m)
    [1mat[m org.apache.maven.graph.DefaultGraphBuilder.collectProjects ([1mDefaultGraphBuilder.java:414[m)
    [1mat[m org.apache.maven.graph.DefaultGraphBuilder.getProjectsForMavenReactor ([1mDefaultGraphBuilder.java:405[m)
    [1mat[m org.apache.maven.graph.DefaultGraphBuilder.build ([1mDefaultGraphBuilder.java:82[m)
    [1mat[m org.apache.maven.DefaultMaven.buildGraph ([1mDefaultMaven.java:507[m)
    [1mat[m org.apache.maven.DefaultMaven.doExecute ([1mDefaultMaven.java:219[m)
    [1mat[m org.apache.maven.DefaultMaven.doExecute ([1mDefaultMaven.java:192[m)
    [1mat[m org.apache.maven.DefaultMaven.execute ([1mDefaultMaven.java:105[m)
    [1mat[m org.apache.maven.cli.MavenCli.execute ([1mMavenCli.java:956[m)
    [1mat[m org.apache.maven.cli.MavenCli.doMain ([1mMavenCli.java:288[m)
    [1mat[m org.apache.maven.cli.MavenCli.main ([1mMavenCli.java:192[m)
    [1mat[m jdk.internal.reflect.NativeMethodAccessorImpl.invoke0 ([1mNative Method[m)
    [1mat[m jdk.internal.reflect.NativeMethodAccessorImpl.invoke ([1mNativeMethodAccessorImpl.java:62[m)
    [1mat[m jdk.internal.reflect.DelegatingMethodAccessorImpl.invoke ([1mDelegatingMethodAccessorImpl.java:43[m)
    [1mat[m java.lang.reflect.Method.invoke ([1mMethod.java:566[m)
    [1mat[m org.codehaus.plexus.classworlds.launcher.Launcher.launchEnhanced ([1mLauncher.java:282[m)
    [1mat[m org.codehaus.plexus.classworlds.launcher.Launcher.launch ([1mLauncher.java:225[m)
    [1mat[m org.codehaus.plexus.classworlds.launcher.Launcher.mainWithExitCode ([1mLauncher.java:406[m)
    [1mat[m org.codehaus.plexus.classworlds.launcher.Launcher.main ([1mLauncher.java:347[m)
[1mCaused by[m: org.codehaus.plexus.util.xml.pull.XmlPullParserException: [1;31mUnrecognised tag: 'dependency' (position: START_TAG seen ...</version>\n\n   <dependency>... @10:16) [m
    [1mat[m org.apache.maven.model.io.xpp3.MavenXpp3ReaderEx.checkUnknownElement ([1mMavenXpp3ReaderEx.java:179[m)
    [1mat[m org.apache.maven.model.io.xpp3.MavenXpp3ReaderEx.parseModel ([1mMavenXpp3ReaderEx.java:2863[m)
    [1mat[m org.apache.maven.model.io.xpp3.MavenXpp3ReaderEx.read ([1mMavenXpp3ReaderEx.java:4690[m)
    [1mat[m org.apache.maven.model.io.xpp3.MavenXpp3ReaderEx.read ([1mMavenXpp3ReaderEx.java:875[m)
    [1mat[m org.apache.maven.model.io.DefaultModelReader.read ([1mDefaultModelReader.java:105[m)
    [1mat[m org.apache.maven.model.io.DefaultModelReader.read ([1mDefaultModelReader.java:82[m)
    [1mat[m org.apache.maven.model.building.DefaultModelProcessor.read ([1mDefaultModelProcessor.java:84[m)
    [1mat[m org.apache.maven.model.building.DefaultModelBuilder.readModel ([1mDefaultModelBuilder.java:544[m)
    [1mat[m org.apache.maven.model.building.DefaultModelBuilder.build ([1mDefaultModelBuilder.java:276[m)
    [1mat[m org.apache.maven.project.DefaultProjectBuilder.build ([1mDefaultProjectBuilder.java:432[m)
    [1mat[m org.apache.maven.project.DefaultProjectBuilder.build ([1mDefaultProjectBuilder.java:400[m)
    [1mat[m org.apache.maven.project.DefaultProjectBuilder.build ([1mDefaultProjectBuilder.java:363[m)
    [1mat[m org.apache.maven.graph.DefaultGraphBuilder.collectProjects ([1mDefaultGraphBuilder.java:414[m)
    [1mat[m org.apache.maven.graph.DefaultGraphBuilder.getProjectsForMavenReactor ([1mDefaultGraphBuilder.java:405[m)
    [1mat[m org.apache.maven.graph.DefaultGraphBuilder.build ([1mDefaultGraphBuilder.java:82[m)
    [1mat[m org.apache.maven.DefaultMaven.buildGraph ([1mDefaultMaven.java:507[m)
    [1mat[m org.apache.maven.DefaultMaven.doExecute ([1mDefaultMaven.java:219[m)
    [1mat[m org.apache.maven.DefaultMaven.doExecute ([1mDefaultMaven.java:192[m)
    [1mat[m org.apache.maven.DefaultMaven.execute ([1mDefaultMaven.java:105[m)
    [1mat[m org.apache.maven.cli.MavenCli.execute ([1mMavenCli.java:956[m)
    [1mat[m org.apache.maven.cli.MavenCli.doMain ([1mMavenCli.java:288[m)
    [1mat[m org.apache.maven.cli.MavenCli.main ([1mMavenCli.java:192[m)
    [1mat[m jdk.internal.reflect.NativeMethodAccessorImpl.invoke0 ([1mNative Method[m)
    [1mat[m jdk.internal.reflect.NativeMethodAccessorImpl.invoke ([1mNativeMethodAccessorImpl.java:62[m)
    [1mat[m jdk.internal.reflect.DelegatingMethodAccessorImpl.invoke ([1mDelegatingMethodAccessorImpl.java:43[m)
    [1mat[m java.lang.reflect.Method.invoke ([1mMethod.java:566[m)
    [1mat[m org.codehaus.plexus.classworlds.launcher.Launcher.launchEnhanced ([1mLauncher.java:282[m)
    [1mat[m org.codehaus.plexus.classworlds.launcher.Launcher.launch ([1mLauncher.java:225[m)
    [1mat[m org.codehaus.plexus.classworlds.launcher.Launcher.mainWithExitCode ([1mLauncher.java:406[m)
    [1mat[m org.codehaus.plexus.classworlds.launcher.Launcher.main ([1mLauncher.java:347[m)
[[1;31mERROR[m] 
[[1;31mERROR[m] 
[[1;31mERROR[m] For more information about the errors and possible solutions, please read the following articles:
[[1;31mERROR[m] [1m[Help 1][m http://cwiki.apache.org/confluence/display/MAVEN/ProjectBuildingException
[[1;31mERROR[m] [1m[Help 2][m http://cwiki.apache.org/confluence/display/MAVEN/ModelParseException
